<?xml version="1.0" encoding="UTF-8"?>
<!-- Generated by org.testng.reporters.JUnitReportReporter -->
<testsuite hostname="DESKTOP-L9JMAV8" failures="0" tests="16" name="MyTestCases" time="5.481" errors="0" timestamp="2025-07-24T16:06:42 EET" skipped="11">
  <testcase classname="MyTestCases" name="AddData" time="0.034"/>
  <testcase classname="MyTestCases" name="UpdateData" time="0.008"/>
  <testcase classname="MyTestCases" name="Calendar" time="4.100"/>
  <testcase classname="MyTestCases" name="DeleteData" time="0.008"/>
  <testcase classname="MyTestCases" name="TakeAscreenShot" time="1.331"/>
  <testcase classname="MyTestCases" name="Open_window">
    <skipped/>
  </testcase> <!-- Open_window -->
  <testcase classname="MyTestCases" name="Checkbox">
    <skipped/>
  </testcase> <!-- Checkbox -->
  <testcase classname="MyTestCases" name="Static_Dropdown">
    <skipped/>
  </testcase> <!-- Static_Dropdown -->
  <testcase classname="MyTestCases" name="EnabledAndDisabled">
    <skipped/>
  </testcase> <!-- EnabledAndDisabled -->
  <testcase classname="MyTestCases" name="TheTable">
    <skipped/>
  </testcase> <!-- TheTable -->
  <testcase classname="MyTestCases" name="RadioButton">
    <skipped/>
  </testcase> <!-- RadioButton -->
  <testcase classname="MyTestCases" name="Dynamic_Dropdown">
    <skipped/>
  </testcase> <!-- Dynamic_Dropdown -->
  <testcase classname="MyTestCases" name="Open_Tab">
    <skipped/>
  </testcase> <!-- Open_Tab -->
  <testcase classname="MyTestCases" name="MouseHover">
    <skipped/>
  </testcase> <!-- MouseHover -->
  <testcase classname="MyTestCases" name="AlertAndConfirm">
    <skipped/>
  </testcase> <!-- AlertAndConfirm -->
  <testcase classname="MyTestCases" name="ElementDisplayed">
    <skipped/>
  </testcase> <!-- ElementDisplayed -->
</testsuite> <!-- MyTestCases -->
