<?xml version="1.0" encoding="UTF-8"?>
<!-- Generated by org.testng.reporters.JUnitReportReporter -->
<testsuite hostname="DESKTOP-L9JMAV8" failures="0" tests="12" name="MyTestCases" time="1.772" errors="0" timestamp="2025-07-22T15:45:11 EET" skipped="11">
  <testcase classname="MyTestCases" name="Calendar" time="1.772"/>
  <testcase classname="MyTestCases" name="RadioButton">
    <skipped/>
  </testcase> <!-- RadioButton -->
  <testcase classname="MyTestCases" name="TheTable">
    <skipped/>
  </testcase> <!-- TheTable -->
  <testcase classname="MyTestCases" name="Dynamic_Dropdown">
    <skipped/>
  </testcase> <!-- Dynamic_Dropdown -->
  <testcase classname="MyTestCases" name="EnabledAndDisabled">
    <skipped/>
  </testcase> <!-- EnabledAndDisabled -->
  <testcase classname="MyTestCases" name="Checkbox">
    <skipped/>
  </testcase> <!-- Checkbox -->
  <testcase classname="MyTestCases" name="ElementDisplayed">
    <skipped/>
  </testcase> <!-- ElementDisplayed -->
  <testcase classname="MyTestCases" name="Static_Dropdown">
    <skipped/>
  </testcase> <!-- Static_Dropdown -->
  <testcase classname="MyTestCases" name="MouseHover">
    <skipped/>
  </testcase> <!-- MouseHover -->
  <testcase classname="MyTestCases" name="AlertAndConfirm">
    <skipped/>
  </testcase> <!-- AlertAndConfirm -->
  <testcase classname="MyTestCases" name="Open_window">
    <skipped/>
  </testcase> <!-- Open_window -->
  <testcase classname="MyTestCases" name="Open_Tab">
    <skipped/>
  </testcase> <!-- Open_Tab -->
</testsuite> <!-- MyTestCases -->
